Shape of X [N, C, H, W]: torch.Size([64, 1, 28, 28])
Shape of y: torch.Size([64]) torch.int64
Using cuda device
NeuralNetwork(
  (flatten): Flatten(start_dim=1, end_dim=-1)
  (linear_relu_stack): Sequential(
    (0): Linear(in_features=784, out_features=512, bias=True)
    (1): ReLU()
    (2): Linear(in_features=512, out_features=512, bias=True)
    (3): ReLU()
    (4): Linear(in_features=512, out_features=10, bias=True)
  )
)
Epoch 1
-------------------------------
loss: 2.298368  [   64/60000]
loss: 2.252664  [ 6464/60000]
loss: 2.223359  [12864/60000]
loss: 2.022605  [19264/60000]
loss: 1.894304  [25664/60000]
loss: 1.596098  [32064/60000]
loss: 1.182293  [38464/60000]
loss: 1.156896  [44864/60000]
loss: 0.870535  [51264/60000]
loss: 0.748765  [57664/60000]
Test Error: 
 Accuracy: 83.0%, Avg loss: 0.679217 

Epoch 2
-------------------------------
loss: 0.784982  [   64/60000]
loss: 0.595584  [ 6464/60000]
loss: 0.578131  [12864/60000]
loss: 0.543362  [19264/60000]
loss: 0.470802  [25664/60000]
loss: 0.460486  [32064/60000]
loss: 0.332775  [38464/60000]
loss: 0.545713  [44864/60000]
loss: 0.463434  [51264/60000]
loss: 0.494998  [57664/60000]
Test Error: 
 Accuracy: 88.8%, Avg loss: 0.398177 

Epoch 3
-------------------------------
loss: 0.451827  [   64/60000]
loss: 0.352314  [ 6464/60000]
loss: 0.338005  [12864/60000]
loss: 0.417289  [19264/60000]
loss: 0.331955  [25664/60000]
loss: 0.370932  [32064/60000]
loss: 0.226762  [38464/60000]
loss: 0.446707  [44864/60000]
loss: 0.377920  [51264/60000]
loss: 0.452251  [57664/60000]
Test Error: 
 Accuracy: 90.4%, Avg loss: 0.333673 

Epoch 4
-------------------------------
loss: 0.340600  [   64/60000]
loss: 0.296935  [ 6464/60000]
loss: 0.252760  [12864/60000]
loss: 0.378413  [19264/60000]
loss: 0.278818  [25664/60000]
loss: 0.327908  [32064/60000]
loss: 0.188710  [38464/60000]
loss: 0.400455  [44864/60000]
loss: 0.328634  [51264/60000]
loss: 0.426501  [57664/60000]
Test Error: 
 Accuracy: 91.3%, Avg loss: 0.301053 

Epoch 5
-------------------------------
loss: 0.282076  [   64/60000]
loss: 0.274342  [ 6464/60000]
loss: 0.208278  [12864/60000]
loss: 0.355137  [19264/60000]
loss: 0.244323  [25664/60000]
loss: 0.300742  [32064/60000]
loss: 0.169423  [38464/60000]
loss: 0.372290  [44864/60000]
loss: 0.290623  [51264/60000]
loss: 0.405227  [57664/60000]
Test Error: 
 Accuracy: 91.9%, Avg loss: 0.277830 

Epoch 6
-------------------------------
loss: 0.242082  [   64/60000]
loss: 0.257900  [ 6464/60000]
loss: 0.181164  [12864/60000]
loss: 0.335651  [19264/60000]
loss: 0.219967  [25664/60000]
loss: 0.281518  [32064/60000]
loss: 0.155516  [38464/60000]
loss: 0.350055  [44864/60000]
loss: 0.258954  [51264/60000]
loss: 0.384305  [57664/60000]
Test Error: 
 Accuracy: 92.6%, Avg loss: 0.258917 

Epoch 7
-------------------------------
loss: 0.210867  [   64/60000]
loss: 0.244170  [ 6464/60000]
loss: 0.162255  [12864/60000]
loss: 0.318174  [19264/60000]
loss: 0.201669  [25664/60000]
loss: 0.266441  [32064/60000]
loss: 0.143783  [38464/60000]
loss: 0.332398  [44864/60000]
loss: 0.231956  [51264/60000]
loss: 0.364465  [57664/60000]
Test Error: 
 Accuracy: 93.0%, Avg loss: 0.242606 

Epoch 8
-------------------------------
loss: 0.186078  [   64/60000]
loss: 0.231376  [ 6464/60000]
loss: 0.148155  [12864/60000]
loss: 0.301591  [19264/60000]
loss: 0.186843  [25664/60000]
loss: 0.253836  [32064/60000]
loss: 0.132632  [38464/60000]
loss: 0.316177  [44864/60000]
loss: 0.209380  [51264/60000]
loss: 0.347213  [57664/60000]
Test Error: 
 Accuracy: 93.4%, Avg loss: 0.228000 

Epoch 9
-------------------------------
loss: 0.165253  [   64/60000]
loss: 0.218986  [ 6464/60000]
loss: 0.136570  [12864/60000]
loss: 0.284769  [19264/60000]
loss: 0.174178  [25664/60000]
loss: 0.242546  [32064/60000]
loss: 0.123173  [38464/60000]
loss: 0.301948  [44864/60000]
loss: 0.190338  [51264/60000]
loss: 0.332299  [57664/60000]
Test Error: 
 Accuracy: 93.8%, Avg loss: 0.214854 

Epoch 10
-------------------------------
loss: 0.148829  [   64/60000]
loss: 0.207766  [ 6464/60000]
loss: 0.127208  [12864/60000]
loss: 0.269250  [19264/60000]
loss: 0.163150  [25664/60000]
loss: 0.233496  [32064/60000]
loss: 0.114349  [38464/60000]
loss: 0.289652  [44864/60000]
loss: 0.175346  [51264/60000]
loss: 0.319422  [57664/60000]
Test Error: 
 Accuracy: 94.1%, Avg loss: 0.202980 

Done!
Time-consuming: 141.80102014541626 

Saved PyTorch Model State to {model_path}
Predicted: "7", Actual: "7"
